<?xml version="1.0" encoding="UTF-8"?>
<!-- Generated by org.testng.reporters.JUnitReportReporter -->
<testsuite hostname="rahul123" failures="0" tests="4" name="com.w2a.testcases.AddCustomerTest" time="14.461" errors="0" timestamp="18 Nov 2024 04:58:37 GMT" skipped="1">
  <testcase classname="com.w2a.testcases.AddCustomerTest" name="addCustomerTest" time="4.659"/>
  <testcase classname="com.w2a.testcases.AddCustomerTest" name="addCustomerTest" time="0.002">
    <skipped/>
  </testcase> <!-- addCustomerTest -->
  <testcase classname="com.w2a.testcases.AddCustomerTest" name="addCustomerTest" time="4.685"/>
  <testcase classname="com.w2a.testcases.AddCustomerTest" name="addCustomerTest" time="5.115"/>
</testsuite> <!-- com.w2a.testcases.AddCustomerTest -->
