<?xml version="1.0" encoding="UTF-8"?>
<!-- Generated by org.testng.reporters.JUnitReportReporter -->
<testsuite hostname="rahul123" failures="0" tests="1" name="com.w2a.testcases.BankManagerLoginTest" time="3.471" errors="0" timestamp="18 Nov 2024 04:58:37 GMT" skipped="0">
  <testcase classname="com.w2a.testcases.BankManagerLoginTest" name="bankManagerLoginTest" time="3.471"/>
</testsuite> <!-- com.w2a.testcases.BankManagerLoginTest -->
